<?xml version="1.0" encoding="UTF-8"?>
<!-- Generated by org.testng.reporters.JUnitReportReporter -->
<testsuite hostname="DESKTOP-J8R5P2R" failures="0" tests="3" name="com.testNG.TestNgInteg" time="13.722" errors="0" timestamp="2022-11-25T21:11:43 CST" skipped="0">
  <testcase classname="com.testNG.TestNgInteg" name="getMethodByAuthor" time="2.168"/>
  <system-out/>
  <testcase classname="com.testNG.TestNgInteg" name="getMethod" time="9.868"/>
  <system-out/>
  <testcase classname="com.testNG.TestNgInteg" name="postMethod" time="1.686"/>
  <system-out/>
</testsuite> <!-- com.testNG.TestNgInteg -->
